Determining if the pthread_create exist failed with the following output:
Change Dir: /home/EJAD.LOCAL/aabdelreheem/CUDA/GPUAcceleratedComputing/Module 4/TiledMatrixMultiplication/cmake-build-debug/CMakeFiles/CMakeTmp

Run Build Command(s):/usr/bin/make cmTC_6ba92/fast 
/usr/bin/make -f CMakeFiles/cmTC_6ba92.dir/build.make CMakeFiles/cmTC_6ba92.dir/build
make[1]: Entering directory '/home/EJAD.LOCAL/aabdelreheem/CUDA/GPUAcceleratedComputing/Module 4/TiledMatrixMultiplication/cmake-build-debug/CMakeFiles/CMakeTmp'
Building C object CMakeFiles/cmTC_6ba92.dir/CheckSymbolExists.c.o
/usr/bin/cc   -fPIC    -o CMakeFiles/cmTC_6ba92.dir/CheckSymbolExists.c.o   -c "/home/EJAD.LOCAL/aabdelreheem/CUDA/GPUAcceleratedComputing/Module 4/TiledMatrixMultiplication/cmake-build-debug/CMakeFiles/CMakeTmp/CheckSymbolExists.c"
Linking C executable cmTC_6ba92
/home/EJAD.LOCAL/aabdelreheem/clion/bin/cmake/linux/bin/cmake -E cmake_link_script CMakeFiles/cmTC_6ba92.dir/link.txt --verbose=1
/usr/bin/cc -fPIC     CMakeFiles/cmTC_6ba92.dir/CheckSymbolExists.c.o  -o cmTC_6ba92 
CMakeFiles/cmTC_6ba92.dir/CheckSymbolExists.c.o: In function `main':
CheckSymbolExists.c:(.text+0x1b): undefined reference to `pthread_create'
collect2: error: ld returned 1 exit status
CMakeFiles/cmTC_6ba92.dir/build.make:86: recipe for target 'cmTC_6ba92' failed
make[1]: *** [cmTC_6ba92] Error 1
make[1]: Leaving directory '/home/EJAD.LOCAL/aabdelreheem/CUDA/GPUAcceleratedComputing/Module 4/TiledMatrixMultiplication/cmake-build-debug/CMakeFiles/CMakeTmp'
Makefile:121: recipe for target 'cmTC_6ba92/fast' failed
make: *** [cmTC_6ba92/fast] Error 2

File /home/EJAD.LOCAL/aabdelreheem/CUDA/GPUAcceleratedComputing/Module 4/TiledMatrixMultiplication/cmake-build-debug/CMakeFiles/CMakeTmp/CheckSymbolExists.c:
/* */
#include <pthread.h>

int main(int argc, char** argv)
{
  (void)argv;
#ifndef pthread_create
  return ((int*)(&pthread_create))[argc];
#else
  (void)argc;
  return 0;
#endif
}

Determining if the function pthread_create exists in the pthreads failed with the following output:
Change Dir: /home/EJAD.LOCAL/aabdelreheem/CUDA/GPUAcceleratedComputing/Module 4/TiledMatrixMultiplication/cmake-build-debug/CMakeFiles/CMakeTmp

Run Build Command(s):/usr/bin/make cmTC_eb0b9/fast 
/usr/bin/make -f CMakeFiles/cmTC_eb0b9.dir/build.make CMakeFiles/cmTC_eb0b9.dir/build
make[1]: Entering directory '/home/EJAD.LOCAL/aabdelreheem/CUDA/GPUAcceleratedComputing/Module 4/TiledMatrixMultiplication/cmake-build-debug/CMakeFiles/CMakeTmp'
Building C object CMakeFiles/cmTC_eb0b9.dir/CheckFunctionExists.c.o
/usr/bin/cc   -fPIC -DCHECK_FUNCTION_EXISTS=pthread_create   -o CMakeFiles/cmTC_eb0b9.dir/CheckFunctionExists.c.o   -c /home/EJAD.LOCAL/aabdelreheem/clion/bin/cmake/linux/share/cmake-3.14/Modules/CheckFunctionExists.c
Linking C executable cmTC_eb0b9
/home/EJAD.LOCAL/aabdelreheem/clion/bin/cmake/linux/bin/cmake -E cmake_link_script CMakeFiles/cmTC_eb0b9.dir/link.txt --verbose=1
/usr/bin/cc -fPIC -DCHECK_FUNCTION_EXISTS=pthread_create    CMakeFiles/cmTC_eb0b9.dir/CheckFunctionExists.c.o  -o cmTC_eb0b9 -lpthreads 
/usr/bin/ld: cannot find -lpthreads
collect2: error: ld returned 1 exit status
CMakeFiles/cmTC_eb0b9.dir/build.make:86: recipe for target 'cmTC_eb0b9' failed
make[1]: *** [cmTC_eb0b9] Error 1
make[1]: Leaving directory '/home/EJAD.LOCAL/aabdelreheem/CUDA/GPUAcceleratedComputing/Module 4/TiledMatrixMultiplication/cmake-build-debug/CMakeFiles/CMakeTmp'
Makefile:121: recipe for target 'cmTC_eb0b9/fast' failed
make: *** [cmTC_eb0b9/fast] Error 2


