Determining if the pthread_create exist failed with the following output:
Change Dir: /home/EJAD.LOCAL/aabdelreheem/CUDA/GPUAcceleratedComputing/Module 4/TiledMatrixMultiplication/build/CMakeFiles/CMakeTmp

Run Build Command:"/usr/bin/make" "cmTC_eaf1c/fast"
/usr/bin/make -f CMakeFiles/cmTC_eaf1c.dir/build.make CMakeFiles/cmTC_eaf1c.dir/build
make[1]: Entering directory '/home/EJAD.LOCAL/aabdelreheem/CUDA/GPUAcceleratedComputing/Module 4/TiledMatrixMultiplication/build/CMakeFiles/CMakeTmp'
Building C object CMakeFiles/cmTC_eaf1c.dir/CheckSymbolExists.c.o
/usr/bin/cc   -fPIC    -o CMakeFiles/cmTC_eaf1c.dir/CheckSymbolExists.c.o   -c "/home/EJAD.LOCAL/aabdelreheem/CUDA/GPUAcceleratedComputing/Module 4/TiledMatrixMultiplication/build/CMakeFiles/CMakeTmp/CheckSymbolExists.c"
Linking C executable cmTC_eaf1c
/usr/bin/cmake -E cmake_link_script CMakeFiles/cmTC_eaf1c.dir/link.txt --verbose=1
/usr/bin/cc -fPIC     CMakeFiles/cmTC_eaf1c.dir/CheckSymbolExists.c.o  -o cmTC_eaf1c 
CMakeFiles/cmTC_eaf1c.dir/CheckSymbolExists.c.o: In function `main':
CheckSymbolExists.c:(.text+0x1b): undefined reference to `pthread_create'
collect2: error: ld returned 1 exit status
CMakeFiles/cmTC_eaf1c.dir/build.make:97: recipe for target 'cmTC_eaf1c' failed
make[1]: *** [cmTC_eaf1c] Error 1
make[1]: Leaving directory '/home/EJAD.LOCAL/aabdelreheem/CUDA/GPUAcceleratedComputing/Module 4/TiledMatrixMultiplication/build/CMakeFiles/CMakeTmp'
Makefile:126: recipe for target 'cmTC_eaf1c/fast' failed
make: *** [cmTC_eaf1c/fast] Error 2

File /home/EJAD.LOCAL/aabdelreheem/CUDA/GPUAcceleratedComputing/Module 4/TiledMatrixMultiplication/build/CMakeFiles/CMakeTmp/CheckSymbolExists.c:
/* */
#include <pthread.h>

int main(int argc, char** argv)
{
  (void)argv;
#ifndef pthread_create
  return ((int*)(&pthread_create))[argc];
#else
  (void)argc;
  return 0;
#endif
}

Determining if the function pthread_create exists in the pthreads failed with the following output:
Change Dir: /home/EJAD.LOCAL/aabdelreheem/CUDA/GPUAcceleratedComputing/Module 4/TiledMatrixMultiplication/build/CMakeFiles/CMakeTmp

Run Build Command:"/usr/bin/make" "cmTC_0f576/fast"
/usr/bin/make -f CMakeFiles/cmTC_0f576.dir/build.make CMakeFiles/cmTC_0f576.dir/build
make[1]: Entering directory '/home/EJAD.LOCAL/aabdelreheem/CUDA/GPUAcceleratedComputing/Module 4/TiledMatrixMultiplication/build/CMakeFiles/CMakeTmp'
Building C object CMakeFiles/cmTC_0f576.dir/CheckFunctionExists.c.o
/usr/bin/cc   -fPIC -DCHECK_FUNCTION_EXISTS=pthread_create   -o CMakeFiles/cmTC_0f576.dir/CheckFunctionExists.c.o   -c /usr/share/cmake-3.10/Modules/CheckFunctionExists.c
Linking C executable cmTC_0f576
/usr/bin/cmake -E cmake_link_script CMakeFiles/cmTC_0f576.dir/link.txt --verbose=1
/usr/bin/cc -fPIC -DCHECK_FUNCTION_EXISTS=pthread_create    CMakeFiles/cmTC_0f576.dir/CheckFunctionExists.c.o  -o cmTC_0f576 -lpthreads 
/usr/bin/ld: cannot find -lpthreads
collect2: error: ld returned 1 exit status
CMakeFiles/cmTC_0f576.dir/build.make:97: recipe for target 'cmTC_0f576' failed
make[1]: *** [cmTC_0f576] Error 1
make[1]: Leaving directory '/home/EJAD.LOCAL/aabdelreheem/CUDA/GPUAcceleratedComputing/Module 4/TiledMatrixMultiplication/build/CMakeFiles/CMakeTmp'
Makefile:126: recipe for target 'cmTC_0f576/fast' failed
make: *** [cmTC_0f576/fast] Error 2


